<?xml version="1.0" encoding="UTF-8"?>
<testsuite name="CoffeeMachineTest" tests="1" skipped="0" failures="0" errors="0" timestamp="2020-04-02T17:40:41" hostname="DESKTOP-7PEQ304" time="0.592">
  <properties/>
  <testcase name="start" classname="CoffeeMachineTest" time="0.592"/>
  <system-out><![CDATA[?[1;31m
Start test 1?[0m

Write an action (buy, fill, take, exit, remaining):
>remaining

The coffee machine has:
400 of water
540 of milk
120 of coffee beans
9 of disposable cups
550 of money

Write an action (buy, fill, take, exit, remaining):
>buy
What do you want to buy? 1- espresso, 2- latte, 3- cappuccino:, or type back to return to the main menu
>2
I have enough resources, making you a coffee!

Write an action (buy, fill, take, exit, remaining):
>buy
What do you want to buy? 1- espresso, 2- latte, 3- cappuccino:, or type back to return to the main menu
>2
Can't make a cup of coffee, please restock

Write an action (buy, fill, take, exit, remaining):
>fill
Write how many ml of water you want to add:
>1000
Write how many ml of milk you want to add:
>0
Write how many grams of coffee beans you want to add:
>0
Write how many disposable cups you want to add:
>0

Write an action (buy, fill, take, exit, remaining):
>buy
What do you want to buy? 1- espresso, 2- latte, 3- cappuccino:, or type back to return to the main menu
>2
I have enough resources, making you a coffee!

Write an action (buy, fill, take, exit, remaining):
>take
I gave you $564

Write an action (buy, fill, take, exit, remaining):
>remaining

The coffee machine has:
700 of water
390 of milk
80 of coffee beans
7 of disposable cups
0 of money

Write an action (buy, fill, take, exit, remaining):
>exit
?[1;31m
Start test 2?[0m

Write an action (buy, fill, take, exit, remaining):
>remaining

The coffee machine has:
400 of water
540 of milk
120 of coffee beans
9 of disposable cups
550 of money

Write an action (buy, fill, take, exit, remaining):
>fill
Write how many ml of water you want to add:
>3000
Write how many ml of milk you want to add:
>3000
Write how many grams of coffee beans you want to add:
>3000
Write how many disposable cups you want to add:
>3000

Write an action (buy, fill, take, exit, remaining):
>remaining

The coffee machine has:
3400 of water
3540 of milk
3120 of coffee beans
3009 of disposable cups
550 of money

Write an action (buy, fill, take, exit, remaining):
>exit
?[1;31m
Start test 3?[0m

Write an action (buy, fill, take, exit, remaining):
>remaining

The coffee machine has:
400 of water
540 of milk
120 of coffee beans
9 of disposable cups
550 of money

Write an action (buy, fill, take, exit, remaining):
>buy
What do you want to buy? 1- espresso, 2- latte, 3- cappuccino:, or type back to return to the main menu
>1
I have enough resources, making you a coffee!

Write an action (buy, fill, take, exit, remaining):
>remaining

The coffee machine has:
150 of water
540 of milk
104 of coffee beans
8 of disposable cups
554 of money

Write an action (buy, fill, take, exit, remaining):
>exit
?[1;31m
Start test 4?[0m

Write an action (buy, fill, take, exit, remaining):
>remaining

The coffee machine has:
400 of water
540 of milk
120 of coffee beans
9 of disposable cups
550 of money

Write an action (buy, fill, take, exit, remaining):
>buy
What do you want to buy? 1- espresso, 2- latte, 3- cappuccino:, or type back to return to the main menu
>2
I have enough resources, making you a coffee!

Write an action (buy, fill, take, exit, remaining):
>remaining

The coffee machine has:
50 of water
465 of milk
100 of coffee beans
8 of disposable cups
557 of money

Write an action (buy, fill, take, exit, remaining):
>exit
?[1;31m
Start test 5?[0m

Write an action (buy, fill, take, exit, remaining):
>remaining

The coffee machine has:
400 of water
540 of milk
120 of coffee beans
9 of disposable cups
550 of money

Write an action (buy, fill, take, exit, remaining):
>buy
What do you want to buy? 1- espresso, 2- latte, 3- cappuccino:, or type back to return to the main menu
>3
I have enough resources, making you a coffee!

Write an action (buy, fill, take, exit, remaining):
>remaining

The coffee machine has:
200 of water
440 of milk
108 of coffee beans
8 of disposable cups
556 of money

Write an action (buy, fill, take, exit, remaining):
>exit
?[1;31m
Start test 6?[0m

Write an action (buy, fill, take, exit, remaining):
>remaining

The coffee machine has:
400 of water
540 of milk
120 of coffee beans
9 of disposable cups
550 of money

Write an action (buy, fill, take, exit, remaining):
>take
I gave you $550

Write an action (buy, fill, take, exit, remaining):
>remaining

The coffee machine has:
400 of water
540 of milk
120 of coffee beans
9 of disposable cups
0 of money

Write an action (buy, fill, take, exit, remaining):
>exit
?[1;31m
Start test 7?[0m

Write an action (buy, fill, take, exit, remaining):
>remaining

The coffee machine has:
400 of water
540 of milk
120 of coffee beans
9 of disposable cups
550 of money

Write an action (buy, fill, take, exit, remaining):
>buy
What do you want to buy? 1- espresso, 2- latte, 3- cappuccino:, or type back to return to the main menu
>back

Write an action (buy, fill, take, exit, remaining):
>remaining

The coffee machine has:
400 of water
540 of milk
120 of coffee beans
9 of disposable cups
550 of money

Write an action (buy, fill, take, exit, remaining):
>exit
]]></system-out>
  <system-err><![CDATA[]]></system-err>
</testsuite>
